2025-02-06T17:16:31.348+01:00  INFO 28800 --- [sequense] [restartedMain] c.project.sequense.SequenseApplication   : Starting SequenseApplication using Java 23.0.1 with PID 28800 (C:\Users\asmae\Downloads\Student-MVC-Spring-main\Student-MVC-Spring-main\sequense\target\classes started by asmae in C:\Users\asmae\Downloads\Student-MVC-Spring-main\Student-MVC-Spring-main\sequense)
2025-02-06T17:16:31.359+01:00  INFO 28800 --- [sequense] [restartedMain] c.project.sequense.SequenseApplication   : No active profile set, falling back to 1 default profile: "default"
2025-02-06T17:16:31.960+01:00  INFO 28800 --- [sequense] [restartedMain] .e.DevToolsPropertyDefaultsPostProcessor : Devtools property defaults active! Set 'spring.devtools.add-properties' to 'false' to disable
2025-02-06T17:16:31.963+01:00  INFO 28800 --- [sequense] [restartedMain] .e.DevToolsPropertyDefaultsPostProcessor : For additional web related logging consider setting the 'logging.level.web' property to 'DEBUG'
2025-02-06T17:16:35.107+01:00  INFO 28800 --- [sequense] [restartedMain] .s.d.r.c.RepositoryConfigurationDelegate : Bootstrapping Spring Data JPA repositories in DEFAULT mode.
2025-02-06T17:16:35.206+01:00  INFO 28800 --- [sequense] [restartedMain] .s.d.r.c.RepositoryConfigurationDelegate : Finished Spring Data repository scanning in 51 ms. Found 0 JPA repository interfaces.
2025-02-06T17:16:36.936+01:00  INFO 28800 --- [sequense] [restartedMain] o.s.b.w.embedded.tomcat.TomcatWebServer  : Tomcat initialized with port 8085 (http)
2025-02-06T17:16:36.974+01:00  INFO 28800 --- [sequense] [restartedMain] o.apache.catalina.core.StandardService   : Starting service [Tomcat]
2025-02-06T17:16:36.974+01:00  INFO 28800 --- [sequense] [restartedMain] o.apache.catalina.core.StandardEngine    : Starting Servlet engine: [Apache Tomcat/10.1.34]
2025-02-06T17:16:37.061+01:00  INFO 28800 --- [sequense] [restartedMain] o.a.c.c.C.[Tomcat].[localhost].[/]       : Initializing Spring embedded WebApplicationContext
2025-02-06T17:16:37.062+01:00  INFO 28800 --- [sequense] [restartedMain] w.s.c.ServletWebServerApplicationContext : Root WebApplicationContext: initialization completed in 5033 ms
2025-02-06T17:16:37.340+01:00  INFO 28800 --- [sequense] [restartedMain] o.hibernate.jpa.internal.util.LogHelper  : HHH000204: Processing PersistenceUnitInfo [name: default]
2025-02-06T17:16:37.444+01:00  INFO 28800 --- [sequense] [restartedMain] org.hibernate.Version                    : HHH000412: Hibernate ORM core version 6.6.4.Final
2025-02-06T17:16:37.505+01:00  INFO 28800 --- [sequense] [restartedMain] o.h.c.internal.RegionFactoryInitiator    : HHH000026: Second-level cache disabled
2025-02-06T17:16:38.121+01:00  INFO 28800 --- [sequense] [restartedMain] o.s.o.j.p.SpringPersistenceUnitInfo      : No LoadTimeWeaver setup: ignoring JPA class transformer
2025-02-06T17:16:38.184+01:00  INFO 28800 --- [sequense] [restartedMain] com.zaxxer.hikari.HikariDataSource       : HikariPool-1 - Starting...
2025-02-06T17:16:38.534+01:00  INFO 28800 --- [sequense] [restartedMain] com.zaxxer.hikari.pool.HikariPool        : HikariPool-1 - Added connection conn0: url=jdbc:h2:mem:testdb user=SA
2025-02-06T17:16:38.537+01:00  INFO 28800 --- [sequense] [restartedMain] com.zaxxer.hikari.HikariDataSource       : HikariPool-1 - Start completed.
2025-02-06T17:16:38.653+01:00  INFO 28800 --- [sequense] [restartedMain] org.hibernate.orm.connections.pooling    : HHH10001005: Database info:
	Database JDBC URL [Connecting through datasource 'HikariDataSource (HikariPool-1)']
	Database driver: undefined/unknown
	Database version: 2.3.232
	Autocommit mode: undefined/unknown
	Isolation level: undefined/unknown
	Minimum pool size: undefined/unknown
	Maximum pool size: undefined/unknown
2025-02-06T17:16:39.240+01:00  INFO 28800 --- [sequense] [restartedMain] o.h.e.t.j.p.i.JtaPlatformInitiator       : HHH000489: No JTA platform available (set 'hibernate.transaction.jta.platform' to enable JTA platform integration)
2025-02-06T17:16:39.247+01:00  INFO 28800 --- [sequense] [restartedMain] j.LocalContainerEntityManagerFactoryBean : Initialized JPA EntityManagerFactory for persistence unit 'default'
2025-02-06T17:16:39.375+01:00  WARN 28800 --- [sequense] [restartedMain] JpaBaseConfiguration$JpaWebConfiguration : spring.jpa.open-in-view is enabled by default. Therefore, database queries may be performed during view rendering. Explicitly configure spring.jpa.open-in-view to disable this warning
2025-02-06T17:16:39.870+01:00  INFO 28800 --- [sequense] [restartedMain] o.s.b.a.h2.H2ConsoleAutoConfiguration    : H2 console available at '/h2-console'. Database available at 'jdbc:h2:mem:testdb'
2025-02-06T17:16:39.995+01:00  WARN 28800 --- [sequense] [restartedMain] o.s.b.d.a.OptionalLiveReloadServer       : Unable to start LiveReload server
2025-02-06T17:16:40.060+01:00  INFO 28800 --- [sequense] [restartedMain] o.s.b.w.embedded.tomcat.TomcatWebServer  : Tomcat started on port 8085 (http) with context path '/'
2025-02-06T17:16:40.073+01:00  INFO 28800 --- [sequense] [restartedMain] c.project.sequense.SequenseApplication   : Started SequenseApplication in 11.922 seconds (process running for 14.741)
2025-02-06T17:16:54.536+01:00  INFO 28800 --- [sequense] [http-nio-8085-exec-1] o.a.c.c.C.[Tomcat].[localhost].[/]       : Initializing Spring DispatcherServlet 'dispatcherServlet'
2025-02-06T17:16:54.536+01:00  INFO 28800 --- [sequense] [http-nio-8085-exec-1] o.s.web.servlet.DispatcherServlet        : Initializing Servlet 'dispatcherServlet'
2025-02-06T17:16:54.536+01:00  INFO 28800 --- [sequense] [http-nio-8085-exec-1] o.s.web.servlet.DispatcherServlet        : Completed initialization in 0 ms
